<?xml version="1.0" encoding="UTF-8"?>
<testng-results skipped="0" failed="0" ignored="0" total="1" passed="1">
  <reporter-output>
    <line>
      <![CDATA[Launching Chrome Browser]]>
    </line>
    <line>
      <![CDATA[Displaying Login  Link [[ChromeDriver: chrome on WINDOWS (e0fb5e40b6a1b51590a3f396ed01bc32)] -> link text: Log In]<br>]]>
    </line>
    <line>
      <![CDATA[Displaying Login  Link [[ChromeDriver: chrome on WINDOWS (e0fb5e40b6a1b51590a3f396ed01bc32)] -> link text: Log In]<br>]]>
    </line>
    <line>
      <![CDATA[Launching Chrome Browser]]>
    </line>
    <line>
      <![CDATA[Displaying Register  Link [[ChromeDriver: chrome on WINDOWS (a1377e8787635063db6afb9f2a3d1e98)] -> link text: Register]<br>]]>
    </line>
    <line>
      <![CDATA[Displaying Register  Link [[ChromeDriver: chrome on WINDOWS (a1377e8787635063db6afb9f2a3d1e98)] -> link text: Register]<br>]]>
    </line>
    <line>
      <![CDATA[Launching Chrome Browser]]>
    </line>
    <line>
      <![CDATA[Clicking on Login Link [[ChromeDriver: chrome on WINDOWS (85c3bccf0945e0b29da2ac1655d963af)] -> link text: Log In]<br>]]>
    </line>
    <line>
      <![CDATA[Displaying Login Page Text [[ChromeDriver: chrome on WINDOWS (85c3bccf0945e0b29da2ac1655d963af)] -> xpath: //strong[contains(text(),'Quick, safe and convenient')]]<br>]]>
    </line>
    <line>
      <![CDATA[Displaying Login Page Text [[ChromeDriver: chrome on WINDOWS (85c3bccf0945e0b29da2ac1655d963af)] -> xpath: //strong[contains(text(),'Quick, safe and convenient')]]<br>]]>
    </line>
    <line>
      <![CDATA[Launching Chrome Browser]]>
    </line>
    <line>
      <![CDATA[Clicking on Login Link [[ChromeDriver: chrome on WINDOWS (63ccf7ef6941f189efa69f4b3b59e1bd)] -> link text: Log In]<br>]]>
    </line>
    <line>
      <![CDATA[Clicking on Register Link  [[ChromeDriver: chrome on WINDOWS (63ccf7ef6941f189efa69f4b3b59e1bd)] -> link text: Register now]<br>]]>
    </line>
    <line>
      <![CDATA[Displaying Register Page Text [[ChromeDriver: chrome on WINDOWS (63ccf7ef6941f189efa69f4b3b59e1bd)] -> xpath: //h2[@class='h2 jumbo-title']]<br>]]>
    </line>
    <line>
      <![CDATA[Displaying Register Page Text [[ChromeDriver: chrome on WINDOWS (63ccf7ef6941f189efa69f4b3b59e1bd)] -> xpath: //h2[@class='h2 jumbo-title']]<br>]]>
    </line>
    <line>
      <![CDATA[Launching Chrome Browser]]>
    </line>
  </reporter-output>
  <suite name="Surefire suite" duration-ms="437" started-at="2020-04-19T15:47:39 BST" finished-at="2020-04-19T15:47:40 BST">
    <groups>
    </groups>
    <test name="Surefire test" duration-ms="437" started-at="2020-04-19T15:47:39 BST" finished-at="2020-04-19T15:47:40 BST">
      <class name="co.uk.barclays.AppTest">
        <test-method status="PASS" signature="shouldAnswerWithTrue()" name="shouldAnswerWithTrue" duration-ms="0" started-at="2020-04-19T15:47:40 BST" finished-at="2020-04-19T15:47:40 BST">
          <reporter-output>
          </reporter-output>
        </test-method> <!-- shouldAnswerWithTrue -->
      </class> <!-- co.uk.barclays.AppTest -->
    </test> <!-- Surefire test -->
  </suite> <!-- Surefire suite -->
</testng-results>
