<?xml version="1.0" encoding="UTF-8"?>
<!-- Generated by org.testng.reporters.JUnitXMLReporter -->
<testsuite hostname="LAPTOP-7HUNRUID" ignored="0" name="Surefire test" tests="5" failures="1" timestamp="2020-04-19T15:47:39 BST" time="129.331" errors="0">
  <testcase name="verifyThatLoginLinkDisplayedOnHomepage" time="0.348" classname="co.uk.barclays.testsuite.HomePageTest"/>
  <testcase name="verifyThatRegisterLinkIsDisplayedOnHomepage" time="0.375" classname="co.uk.barclays.testsuite.HomePageTest"/>
  <testcase name="verifyThatUserisAbleToNavigatetoLoginInPage" time="16.394" classname="co.uk.barclays.testsuite.LoginPageTest"/>
  <testcase name="verifyThatUserisAbleToNavigatetoRegisterPageThruLoginInPage" time="22.8" classname="co.uk.barclays.testsuite.LoginPageTest"/>
  <testcase name="verifyUserIsAbleToNavigateToRegisterPage" time="0.001" classname="co.uk.barclays.testsuite.RegistrationPageTest">
    <failure type="java.lang.NullPointerException">
      <![CDATA[java.lang.NullPointerException
at org.openqa.selenium.support.pagefactory.DefaultElementLocator.findElement(DefaultElementLocator.java:69)
at org.openqa.selenium.support.pagefactory.internal.LocatingElementHandler.invoke(LocatingElementHandler.java:38)
at com.sun.proxy.$Proxy8.toString(Unknown Source)
at co.uk.barclays.pages.HomePage.clickOnRegisterLink(HomePage.java:69)
at co.uk.barclays.testsuite.RegistrationPageTest.verifyUserIsAbleToNavigateToRegisterPage(RegistrationPageTest.java:17)
at java.util.ArrayList.forEach(ArrayList.java:1249)
... Removed 32 stack frames]]>
    </failure>
  </testcase> <!-- verifyUserIsAbleToNavigateToRegisterPage -->
</testsuite> <!-- Surefire test -->
